\BOOKMARK [0][-]{Contents.0}{\376\377\000T\000a\000b\000l\000e\000\040\000d\000e\000s\000\040\000m\000a\000t\000i\000\350\000r\000e\000s}{}% 1
\BOOKMARK [0][-]{chapter.1}{\376\377\000G\000\351\000n\000\351\000r\000a\000t\000i\000o\000n\000\040\000d\000e\000\040\000m\000a\000i\000l\000l\000a\000g\000e\000s\000\040\000q\000u\000a\000d\000r\000i\000l\000a\000t\000\351\000r\000a\000u\000x\000\040\000\340\000\040\000p\000a\000r\000t\000i\000r\000\040\000d\000e\000\040\000c\000h\000a\000m\000p\000s\000\040\000d\000e\000\040\000c\000r\000o\000i\000x\000\040\000p\000r\000e\000s\000c\000r\000i\000t\000s}{}% 2
\BOOKMARK [1][-]{section.1.1}{\376\377\000C\000a\000d\000r\000e\000\040\000t\000h\000\351\000o\000r\000i\000q\000u\000e}{chapter.1}% 3
\BOOKMARK [2][-]{subsection.1.1.1}{\376\377\000C\000h\000a\000m\000p\000\040\000d\000e\000\040\000c\000r\000o\000i\000x}{section.1.1}% 4
\BOOKMARK [2][-]{subsection.1.1.2}{\376\377\000I\000n\000d\000i\000c\000e}{section.1.1}% 5
\BOOKMARK [2][-]{subsection.1.1.3}{\376\377\000T\000h\000\351\000o\000r\000\350\000m\000e\000\040\000d\000e\000\040\000P\000o\000i\000n\000c\000a\000r\000\351\000-\000H\000o\000p\000f}{section.1.1}% 6
\BOOKMARK [2][-]{subsection.1.1.4}{\376\377\000L\000i\000g\000n\000e\000\040\000d\000e\000\040\000c\000h\000a\000m\000p\000\040\000e\000t\000\040\000s\000\351\000p\000a\000r\000a\000t\000r\000i\000c\000e\000s}{section.1.1}% 7
\BOOKMARK [1][-]{section.1.2}{\376\377\000M\000\351\000t\000h\000o\000d\000e\000\040\000d\000e\000\040\000p\000a\000r\000t\000i\000t\000i\000o\000n\000n\000e\000m\000e\000n\000t\000\040\000\340\000\040\000p\000a\000r\000t\000i\000r\000\040\000d\000'\000u\000n\000\040\000c\000h\000a\000m\000p\000\040\000d\000e\000\040\000c\000r\000o\000i\000x}{chapter.1}% 8
\BOOKMARK [2][-]{subsection.1.2.1}{\376\377\000P\000r\000i\000n\000c\000i\000p\000e\000\040\000d\000e\000\040\000l\000a\000\040\000m\000\351\000t\000h\000o\000d\000e}{section.1.2}% 9
\BOOKMARK [2][-]{subsection.1.2.2}{\376\377\000E\000t\000u\000d\000e\000\040\000d\000e\000\040\000l\000a\000\040\000m\000\351\000t\000h\000o\000d\000e}{section.1.2}% 10
\BOOKMARK [1][-]{section.1.3}{\376\377\000D\000i\000s\000c\000u\000s\000s\000i\000o\000n\000s}{chapter.1}% 11
\BOOKMARK [2][-]{subsection.1.3.1}{\376\377\000S\000u\000r\000\040\000l\000a\000\040\000s\000i\000g\000n\000i\000f\000i\000c\000a\000t\000i\000o\000n\000\040\000p\000r\000a\000t\000i\000q\000u\000e\000\040\000d\000e\000\040\000l\000'\000h\000y\000p\000o\000t\000h\000\350\000s\000e\000\040\0000\000<\000\043\000S\000s\000i\000u\000n\000i\000t\000x\000u\000n\000i\000t\000-\000d\000e\000p\000r\000e\000c\000a\000t\000e\000d\bar\000b\000a\000r\000b\000a\000r\000u\000<}{section.1.3}% 12
\BOOKMARK [2][-]{subsection.1.3.2}{\376\377\000S\000u\000r\000\040\000l\000a\000\040\000c\000o\000n\000s\000e\000r\000v\000a\000t\000i\000o\000n\000\040\000d\000e\000s\000\040\000p\000r\000o\000p\000r\000i\000\351\000t\000\351\000s\000\040\000d\000u\000\040\000c\000h\000a\000m\000p\000\040\000d\000e\000\040\000c\000r\000o\000i\000x\000\040\000i\000n\000i\000t\000i\000a\000l}{section.1.3}% 13
\BOOKMARK [2][-]{subsection.1.3.3}{\376\377\000S\000u\000r\000\040\000l\000e\000s\000\040\000s\000i\000n\000g\000u\000l\000a\000r\000i\000t\000\351\000s\000\040\000d\000e\000\040\000b\000o\000r\000d}{section.1.3}% 14
\BOOKMARK [2][-]{subsection.1.3.4}{\376\377\000S\000u\000r\000\040\000l\000a\000\040\000c\000o\000n\000s\000t\000r\000u\000c\000t\000i\000o\000n\000\040\000d\000u\000\040\000c\000h\000a\000m\000p\000\040\000d\000e\000\040\000c\000o\000r\000r\000e\000c\000t\000i\000o\000n}{section.1.3}% 15
\BOOKMARK [2][-]{subsection.1.3.5}{\376\377\000S\000u\000r\000\040\000l\000e\000s\000\040\000m\000u\000l\000t\000i\000-\000m\000a\000t\000\351\000r\000i\000a\000u\000x}{section.1.3}% 16
\BOOKMARK [0][-]{chapter.2}{\376\377\000D\000i\000s\000c\000r\000\351\000t\000i\000s\000a\000t\000i\000o\000n\000,\000\040\000a\000l\000g\000o\000r\000i\000t\000h\000m\000e\000s\000\040\000e\000t\000\040\000e\000x\000e\000m\000p\000l\000e\000s}{}% 17
\BOOKMARK [1][-]{section.2.1}{\376\377\000R\000e\000p\000r\000\351\000s\000e\000n\000t\000a\000t\000i\000o\000n\000\040\000d\000i\000s\000c\000r\000\350\000t\000e}{chapter.2}% 18
\BOOKMARK [2][-]{subsection.2.1.1}{\376\377\000M\000a\000i\000l\000l\000a\000g\000e\000\040\000t\000r\000i\000a\000n\000g\000u\000l\000a\000i\000r\000e}{section.2.1}% 19
\BOOKMARK [2][-]{subsection.2.1.2}{\376\377\000C\000h\000a\000m\000p\000\040\000d\000e\000\040\000c\000r\000o\000i\000x}{section.2.1}% 20
\BOOKMARK [1][-]{section.2.2}{\376\377\000P\000a\000r\000t\000i\000t\000i\000o\000n\000n\000e\000m\000e\000n\000t\000\040\000d\000e\000\040\000h}{chapter.2}% 21
\BOOKMARK [2][-]{subsection.2.2.1}{\376\377\000R\000e\000c\000h\000e\000r\000c\000h\000e\000\040\000d\000e\000\040\000p\000o\000i\000n\000t\000s\000\040\000s\000i\000n\000g\000u\000l\000i\000e\000r\000s}{section.2.2}% 22
\BOOKMARK [2][-]{subsection.2.2.2}{\376\377\000C\000o\000n\000s\000t\000r\000u\000c\000t\000i\000o\000n\000\040\000d\000e\000s\000\040\000s\000\351\000p\000a\000r\000a\000t\000r\000i\000c\000e\000s}{section.2.2}% 23
\BOOKMARK [2][-]{subsection.2.2.3}{\376\377\000A\000s\000s\000e\000m\000b\000l\000a\000g\000e\000\040\000d\000e\000s\000\040\000p\000a\000r\000t\000i\000t\000i\000o\000n\000s}{section.2.2}% 24
\BOOKMARK [1][-]{section.2.3}{\376\377\000O\000p\000\351\000r\000a\000t\000i\000o\000n\000\040\000d\000'\000a\000l\000i\000g\000n\000e\000m\000e\000n\000t}{chapter.2}% 25
\BOOKMARK [1][-]{section.2.4}{\376\377\000E\000t\000u\000d\000e\000\040\000d\000e\000\040\000l\000a\000\040\000m\000\351\000t\000h\000o\000d\000e}{chapter.2}% 26
\BOOKMARK [2][-]{subsection.2.4.1}{\376\377\000A\000n\000a\000l\000y\000s\000e\000\040\000d\000e\000\040\000c\000o\000n\000v\000e\000r\000g\000e\000n\000c\000e}{section.2.4}% 27
\BOOKMARK [2][-]{subsection.2.4.2}{\376\377\000L\000i\000e\000n\000\040\000e\000n\000t\000r\000e\000\040\000s\000i\000u\000n\000i\000t\000x\000u\000n\000i\000t\000-\000d\000e\000p\000r\000e\000c\000a\000t\000e\000d\bar\000b\000a\000r\000b\000a\000r\000u\000\040\000e\000t\000\040\000s\000i\000u\000n\000i\000t\000x\000u\000n\000i\000t\000-\000d\000e\000p\000r\000e\000c\000a\000t\000e\000d\bar\000b\000a\000r\000b\000a\000r\000u\000h}{section.2.4}% 28
\BOOKMARK [1][-]{section.2.5}{\376\377\000G\000\351\000n\000\351\000r\000a\000t\000i\000o\000n\000\040\000d\000e\000\040\000c\000h\000a\000m\000p\000s\000\040\000d\000e\000\040\000c\000r\000o\000i\000x}{chapter.2}% 29
\BOOKMARK [0][-]{chapter.3}{\376\377\000A\000n\000n\000e\000x\000e\000s}{}% 30
\BOOKMARK [0][-]{chapter*.58}{\376\377\000R\000\351\000f\000\351\000r\000e\000n\000c\000e\000s}{}% 31
